<?xml version="1.0" encoding="UTF-8"?>
<coverage generated="1705398160070" clover="3.2.0">
  <project timestamp="1705398160070" name="All files">
    <metrics statements="1" coveredstatements="1" conditionals="0" coveredconditionals="0" methods="1" coveredmethods="1" elements="2" coveredelements="2" complexity="0" loc="1" ncloc="1" packages="1" files="1" classes="1"/>
    <file name="Button.jsx" path="C:\Users\Miiiiix\Documents\Curso_react_next\projeto1\src\components\Button\Button.jsx">
      <metrics statements="1" coveredstatements="1" conditionals="0" coveredconditionals="0" methods="1" coveredmethods="1"/>
      <line num="6" count="4" type="stmt"/>
    </file>
  </project>
</coverage>
