{"C:\\Users\\Miiiiix\\Documents\\Curso_react_next\\projeto1\\src\\components\\Button\\Button.jsx": {"path":"C:\\Users\\Miiiiix\\Documents\\Curso_react_next\\projeto1\\src\\components\\Button\\Button.jsx","statementMap":{"0":{"start":{"line":6,"column":2},"end":{"line":10,"column":4}}},"fnMap":{"0":{"name":"Button","decl":{"start":{"line":5,"column":24},"end":{"line":5,"column":30}},"loc":{"start":{"line":5,"column":38},"end":{"line":11,"column":1}},"line":5}},"branchMap":{},"s":{"0":4},"f":{"0":4},"b":{},"_coverageSchema":"1a1c01bbd47fc00a2c39e90264f33305004495a9","hash":"2b4a38a4bf9248d1fd683edffcfc13aee98c179e"}
}
