{"C:\\Users\\Miiiiix\\Documents\\Curso_react_next\\projeto1\\src\\index.js": {"path":"C:\\Users\\Miiiiix\\Documents\\Curso_react_next\\projeto1\\src\\index.js","statementMap":{"0":{"start":{"line":8,"column":13},"end":{"line":8,"column":65}},"1":{"start":{"line":9,"column":0},"end":{"line":13,"column":2}}},"fnMap":{},"branchMap":{},"s":{"0":0,"1":0},"f":{},"b":{}}
,"C:\\Users\\Miiiiix\\Documents\\Curso_react_next\\projeto1\\src\\components\\Button\\Button.jsx": {"path":"C:\\Users\\Miiiiix\\Documents\\Curso_react_next\\projeto1\\src\\components\\Button\\Button.jsx","statementMap":{"0":{"start":{"line":6,"column":2},"end":{"line":10,"column":4}}},"fnMap":{"0":{"name":"Button","decl":{"start":{"line":5,"column":24},"end":{"line":5,"column":30}},"loc":{"start":{"line":5,"column":38},"end":{"line":11,"column":1}},"line":5}},"branchMap":{},"s":{"0":5},"f":{"0":5},"b":{},"_coverageSchema":"1a1c01bbd47fc00a2c39e90264f33305004495a9","hash":"2b4a38a4bf9248d1fd683edffcfc13aee98c179e"}
,"C:\\Users\\Miiiiix\\Documents\\Curso_react_next\\projeto1\\src\\components\\PostCard\\PostCard.jsx": {"path":"C:\\Users\\Miiiiix\\Documents\\Curso_react_next\\projeto1\\src\\components\\PostCard\\PostCard.jsx","statementMap":{"0":{"start":{"line":4,"column":2},"end":{"line":14,"column":4}}},"fnMap":{"0":{"name":"PostCard","decl":{"start":{"line":3,"column":24},"end":{"line":3,"column":32}},"loc":{"start":{"line":3,"column":61},"end":{"line":15,"column":1}},"line":3}},"branchMap":{},"s":{"0":8},"f":{"0":8},"b":{},"_coverageSchema":"1a1c01bbd47fc00a2c39e90264f33305004495a9","hash":"442e5d6a6ccb0e45a307fa6d9863fa2470afd648"}
,"C:\\Users\\Miiiiix\\Documents\\Curso_react_next\\projeto1\\src\\components\\PostCard\\mock.js": {"path":"C:\\Users\\Miiiiix\\Documents\\Curso_react_next\\projeto1\\src\\components\\PostCard\\mock.js","statementMap":{"0":{"start":{"line":1,"column":33},"end":{"line":6,"column":1}}},"fnMap":{},"branchMap":{},"s":{"0":1},"f":{},"b":{},"_coverageSchema":"1a1c01bbd47fc00a2c39e90264f33305004495a9","hash":"904a416c311a2ceec00f2e57b7893a9d58f6a52e"}
,"C:\\Users\\Miiiiix\\Documents\\Curso_react_next\\projeto1\\src\\components\\Posts\\Posts.jsx": {"path":"C:\\Users\\Miiiiix\\Documents\\Curso_react_next\\projeto1\\src\\components\\Posts\\Posts.jsx","statementMap":{"0":{"start":{"line":7,"column":2},"end":{"line":19,"column":4}},"1":{"start":{"line":10,"column":8},"end":{"line":16,"column":10}}},"fnMap":{"0":{"name":"Posts","decl":{"start":{"line":6,"column":24},"end":{"line":6,"column":29}},"loc":{"start":{"line":6,"column":46},"end":{"line":20,"column":1}},"line":6},"1":{"name":"(anonymous_1)","decl":{"start":{"line":9,"column":17},"end":{"line":9,"column":18}},"loc":{"start":{"line":10,"column":8},"end":{"line":16,"column":10}},"line":10}},"branchMap":{"0":{"loc":{"start":{"line":6,"column":32},"end":{"line":6,"column":42}},"type":"default-arg","locations":[{"start":{"line":6,"column":40},"end":{"line":6,"column":42}}],"line":6}},"s":{"0":3,"1":6},"f":{"0":3,"1":6},"b":{"0":[1]},"_coverageSchema":"1a1c01bbd47fc00a2c39e90264f33305004495a9","hash":"94b18b1ffa891b1e6372b86965689149a163e55c"}
,"C:\\Users\\Miiiiix\\Documents\\Curso_react_next\\projeto1\\src\\components\\TextInput\\TextInput.jsx": {"path":"C:\\Users\\Miiiiix\\Documents\\Curso_react_next\\projeto1\\src\\components\\TextInput\\TextInput.jsx","statementMap":{"0":{"start":{"line":6,"column":2},"end":{"line":14,"column":4}}},"fnMap":{"0":{"name":"TextInput","decl":{"start":{"line":5,"column":24},"end":{"line":5,"column":33}},"loc":{"start":{"line":5,"column":65},"end":{"line":15,"column":1}},"line":5}},"branchMap":{},"s":{"0":3},"f":{"0":3},"b":{},"_coverageSchema":"1a1c01bbd47fc00a2c39e90264f33305004495a9","hash":"dea46d77339686ad2d5464e64cb38038fb28a58d"}
,"C:\\Users\\Miiiiix\\Documents\\Curso_react_next\\projeto1\\src\\templates\\home\\Home.jsx": {"path":"C:\\Users\\Miiiiix\\Documents\\Curso_react_next\\projeto1\\src\\templates\\home\\Home.jsx","statementMap":{"0":{"start":{"line":10,"column":20},"end":{"line":74,"column":1}},"1":{"start":{"line":11,"column":28},"end":{"line":11,"column":40}},"2":{"start":{"line":12,"column":34},"end":{"line":12,"column":46}},"3":{"start":{"line":13,"column":26},"end":{"line":13,"column":37}},"4":{"start":{"line":14,"column":25},"end":{"line":14,"column":36}},"5":{"start":{"line":15,"column":40},"end":{"line":15,"column":52}},"6":{"start":{"line":17,"column":22},"end":{"line":17,"column":60}},"7":{"start":{"line":19,"column":24},"end":{"line":23,"column":11}},"8":{"start":{"line":21,"column":8},"end":{"line":21,"column":76}},"9":{"start":{"line":25,"column":26},"end":{"line":30,"column":8}},"10":{"start":{"line":26,"column":27},"end":{"line":26,"column":44}},"11":{"start":{"line":28,"column":4},"end":{"line":28,"column":55}},"12":{"start":{"line":29,"column":4},"end":{"line":29,"column":32}},"13":{"start":{"line":32,"column":2},"end":{"line":34,"column":38}},"14":{"start":{"line":33,"column":4},"end":{"line":33,"column":37}},"15":{"start":{"line":36,"column":24},"end":{"line":44,"column":3}},"16":{"start":{"line":37,"column":21},"end":{"line":37,"column":40}},"17":{"start":{"line":38,"column":22},"end":{"line":38,"column":71}},"18":{"start":{"line":40,"column":4},"end":{"line":40,"column":29}},"19":{"start":{"line":42,"column":4},"end":{"line":42,"column":20}},"20":{"start":{"line":43,"column":4},"end":{"line":43,"column":22}},"21":{"start":{"line":46,"column":23},"end":{"line":49,"column":3}},"22":{"start":{"line":47,"column":22},"end":{"line":47,"column":30}},"23":{"start":{"line":48,"column":4},"end":{"line":48,"column":43}},"24":{"start":{"line":51,"column":2},"end":{"line":73,"column":4}}},"fnMap":{"0":{"name":"(anonymous_0)","decl":{"start":{"line":10,"column":20},"end":{"line":10,"column":21}},"loc":{"start":{"line":10,"column":26},"end":{"line":74,"column":1}},"line":10},"1":{"name":"(anonymous_1)","decl":{"start":{"line":20,"column":22},"end":{"line":20,"column":23}},"loc":{"start":{"line":20,"column":32},"end":{"line":22,"column":7}},"line":20},"2":{"name":"(anonymous_2)","decl":{"start":{"line":25,"column":38},"end":{"line":25,"column":39}},"loc":{"start":{"line":25,"column":68},"end":{"line":30,"column":3}},"line":25},"3":{"name":"(anonymous_3)","decl":{"start":{"line":32,"column":12},"end":{"line":32,"column":13}},"loc":{"start":{"line":32,"column":18},"end":{"line":34,"column":3}},"line":32},"4":{"name":"(anonymous_4)","decl":{"start":{"line":36,"column":24},"end":{"line":36,"column":25}},"loc":{"start":{"line":36,"column":30},"end":{"line":44,"column":3}},"line":36},"5":{"name":"(anonymous_5)","decl":{"start":{"line":46,"column":23},"end":{"line":46,"column":24}},"loc":{"start":{"line":46,"column":30},"end":{"line":49,"column":3}},"line":46}},"branchMap":{"0":{"loc":{"start":{"line":19,"column":24},"end":{"line":23,"column":11}},"type":"cond-expr","locations":[{"start":{"line":20,"column":6},"end":{"line":22,"column":8}},{"start":{"line":23,"column":6},"end":{"line":23,"column":11}}],"line":19},"1":{"loc":{"start":{"line":56,"column":9},"end":{"line":56,"column":63}},"type":"binary-expr","locations":[{"start":{"line":56,"column":9},"end":{"line":56,"column":22}},{"start":{"line":56,"column":26},"end":{"line":56,"column":63}}],"line":56},"2":{"loc":{"start":{"line":59,"column":7},"end":{"line":59,"column":66}},"type":"binary-expr","locations":[{"start":{"line":59,"column":7},"end":{"line":59,"column":31}},{"start":{"line":59,"column":35},"end":{"line":59,"column":66}}],"line":59},"3":{"loc":{"start":{"line":61,"column":7},"end":{"line":61,"column":59}},"type":"binary-expr","locations":[{"start":{"line":61,"column":7},"end":{"line":61,"column":33}},{"start":{"line":61,"column":37},"end":{"line":61,"column":59}}],"line":61},"4":{"loc":{"start":{"line":63,"column":7},"end":{"line":71,"column":7}},"type":"binary-expr","locations":[{"start":{"line":63,"column":7},"end":{"line":63,"column":19}},{"start":{"line":64,"column":8},"end":{"line":70,"column":14}}],"line":63}},"s":{"0":0,"1":0,"2":0,"3":0,"4":0,"5":0,"6":0,"7":0,"8":0,"9":0,"10":0,"11":0,"12":0,"13":0,"14":0,"15":0,"16":0,"17":0,"18":0,"19":0,"20":0,"21":0,"22":0,"23":0,"24":0},"f":{"0":0,"1":0,"2":0,"3":0,"4":0,"5":0},"b":{"0":[0,0],"1":[0,0],"2":[0,0],"3":[0,0],"4":[0,0]}}
,"C:\\Users\\Miiiiix\\Documents\\Curso_react_next\\projeto1\\src\\utils\\load-post.js": {"path":"C:\\Users\\Miiiiix\\Documents\\Curso_react_next\\projeto1\\src\\utils\\load-post.js","statementMap":{"0":{"start":{"line":1,"column":25},"end":{"line":14,"column":1}},"1":{"start":{"line":2,"column":23},"end":{"line":2,"column":74}},"2":{"start":{"line":3,"column":25},"end":{"line":3,"column":77}},"3":{"start":{"line":5,"column":26},"end":{"line":5,"column":75}},"4":{"start":{"line":6,"column":20},"end":{"line":6,"column":38}},"5":{"start":{"line":7,"column":21},"end":{"line":7,"column":40}},"6":{"start":{"line":9,"column":25},"end":{"line":11,"column":4}},"7":{"start":{"line":10,"column":4},"end":{"line":10,"column":53}},"8":{"start":{"line":13,"column":2},"end":{"line":13,"column":24}}},"fnMap":{"0":{"name":"(anonymous_0)","decl":{"start":{"line":1,"column":25},"end":{"line":1,"column":26}},"loc":{"start":{"line":1,"column":37},"end":{"line":14,"column":1}},"line":1},"1":{"name":"(anonymous_1)","decl":{"start":{"line":9,"column":39},"end":{"line":9,"column":40}},"loc":{"start":{"line":9,"column":56},"end":{"line":11,"column":3}},"line":9}},"branchMap":{},"s":{"0":0,"1":0,"2":0,"3":0,"4":0,"5":0,"6":0,"7":0,"8":0},"f":{"0":0,"1":0},"b":{}}
}
